# JRE version: OpenJDK Runtime Environment (8.0_40-b09) (build 1.8.0_40-internal-b09)
# Java VM: OpenJDK Server VM (25.40-b13 mixed mode linux-x86 )
Heap:
 PSYoungGen      total 243456K, used 38151K [0x924c0000, 0xa6e00000, 0xa6e00000)
  eden space 192768K, 0% used [0x924c0000,0x924c0000,0x9e100000)
  from space 50688K, 75% used [0x9e100000,0xa0641f68,0xa1280000)
  to   space 75776K, 0% used [0xa2400000,0xa2400000,0xa6e00000)
 ParOldGen       total 382976K, used 382858K [0x69200000, 0x80800000, 0x924c0000)
  object space 382976K, 99% used [0x69200000,0x807e2a60,0x80800000)
 Metaspace       used 14910K, capacity 15056K, committed 15256K, reserved 15664K
GC Heap History (10 events):
Event: 329,955 GC heap after
Heap after GC invocations=70 (full 5):
 PSYoungGen      total 284928K, used 37664K [0x924c0000, 0xa6e00000, 0xa6e00000)
  eden space 247040K, 0% used [0x924c0000,0x924c0000,0xa1600000)
  from space 37888K, 99% used [0xa1600000,0xa3ac8010,0xa3b00000)
  to   space 49664K, 0% used [0xa3d80000,0xa3d80000,0xa6e00000)
 ParOldGen       total 382976K, used 356201K [0x69200000, 0x80800000, 0x924c0000)
  object space 382976K, 93% used [0x69200000,0x7edda530,0x80800000)
 Metaspace       used 14910K, capacity 15056K, committed 15256K, reserved 15664K
}
Event: 337,604 GC heap before
{Heap before GC invocations=71 (full 5):
 PSYoungGen      total 284928K, used 284704K [0x924c0000, 0xa6e00000, 0xa6e00000)
  eden space 247040K, 100% used [0x924c0000,0xa1600000,0xa1600000)
  from space 37888K, 99% used [0xa1600000,0xa3ac8010,0xa3b00000)
  to   space 49664K, 0% used [0xa3d80000,0xa3d80000,0xa6e00000)
 ParOldGen       total 382976K, used 356201K [0x69200000, 0x80800000, 0x924c0000)
  object space 382976K, 93% used [0x69200000,0x7edda530,0x80800000)
 Metaspace       used 14910K, capacity 15056K, committed 15256K, reserved 15664K
Event: 337,673 GC heap after
Heap after GC invocations=71 (full 5):
 PSYoungGen      total 275200K, used 45328K [0x924c0000, 0xa6e00000, 0xa6e00000)
  eden space 225536K, 0% used [0x924c0000,0x924c0000,0xa0100000)
  from space 49664K, 91% used [0xa3d80000,0xa69c4010,0xa6e00000)
  to   space 55808K, 0% used [0xa0100000,0xa0100000,0xa3780000)
 ParOldGen       total 382976K, used 356201K [0x69200000, 0x80800000, 0x924c0000)
  object space 382976K, 93% used [0x69200000,0x7edda530,0x80800000)
 Metaspace       used 14910K, capacity 15056K, committed 15256K, reserved 15664K
}
Event: 344,385 GC heap before
{Heap before GC invocations=72 (full 5):
 PSYoungGen      total 275200K, used 270864K [0x924c0000, 0xa6e00000, 0xa6e00000)
  eden space 225536K, 100% used [0x924c0000,0xa0100000,0xa0100000)
  from space 49664K, 91% used [0xa3d80000,0xa69c4010,0xa6e00000)
  to   space 55808K, 0% used [0xa0100000,0xa0100000,0xa3780000)
 ParOldGen       total 382976K, used 356201K [0x69200000, 0x80800000, 0x924c0000)
  object space 382976K, 93% used [0x69200000,0x7edda530,0x80800000)
 Metaspace       used 14910K, capacity 15056K, committed 15256K, reserved 15664K
Event: 344,463 GC heap after
Heap after GC invocations=72 (full 5):
 PSYoungGen      total 278272K, used 52552K [0x924c0000, 0xa6e00000, 0xa6e00000)
  eden space 225536K, 0% used [0x924c0000,0x924c0000,0xa0100000)
  from space 52736K, 99% used [0xa0100000,0xa3452020,0xa3480000)
  to   space 58880K, 0% used [0xa3480000,0xa3480000,0xa6e00000)
 ParOldGen       total 382976K, used 356201K [0x69200000, 0x80800000, 0x924c0000)
  object space 382976K, 93% used [0x69200000,0x7edda530,0x80800000)
 Metaspace       used 14910K, capacity 15056K, committed 15256K, reserved 15664K
}
Event: 350,140 GC heap before
{Heap before GC invocations=73 (full 5):
 PSYoungGen      total 278272K, used 278088K [0x924c0000, 0xa6e00000, 0xa6e00000)
  eden space 225536K, 100% used [0x924c0000,0xa0100000,0xa0100000)
  from space 52736K, 99% used [0xa0100000,0xa3452020,0xa3480000)
  to   space 58880K, 0% used [0xa3480000,0xa3480000,0xa6e00000)
 ParOldGen       total 382976K, used 356201K [0x69200000, 0x80800000, 0x924c0000)
  object space 382976K, 93% used [0x69200000,0x7edda530,0x80800000)
 Metaspace       used 14910K, capacity 15056K, committed 15256K, reserved 15664K
Event: 350,227 GC heap after
Heap after GC invocations=73 (full 5):
 PSYoungGen      total 251648K, used 58872K [0x924c0000, 0xa6e00000, 0xa6e00000)
  eden space 192768K, 0% used [0x924c0000,0x924c0000,0x9e100000)
  from space 58880K, 99% used [0xa3480000,0xa6dfe020,0xa6e00000)
  to   space 72192K, 0% used [0x9e100000,0x9e100000,0xa2780000)
 ParOldGen       total 382976K, used 356865K [0x69200000, 0x80800000, 0x924c0000)
  object space 382976K, 93% used [0x69200000,0x7ee80530,0x80800000)
 Metaspace       used 14910K, capacity 15056K, committed 15256K, reserved 15664K
}
Event: 354,765 GC heap before
{Heap before GC invocations=74 (full 5):
 PSYoungGen      total 251648K, used 251640K [0x924c0000, 0xa6e00000, 0xa6e00000)
  eden space 192768K, 100% used [0x924c0000,0x9e100000,0x9e100000)
  from space 58880K, 99% used [0xa3480000,0xa6dfe020,0xa6e00000)
  to   space 72192K, 0% used [0x9e100000,0x9e100000,0xa2780000)
 ParOldGen       total 382976K, used 356865K [0x69200000, 0x80800000, 0x924c0000)
  object space 382976K, 93% used [0x69200000,0x7ee80530,0x80800000)
 Metaspace       used 14910K, capacity 15056K, committed 15256K, reserved 15664K
Event: 354,865 GC heap after
Heap after GC invocations=74 (full 5):
 PSYoungGen      total 243456K, used 50560K [0x924c0000, 0xa6e00000, 0xa6e00000)
  eden space 192768K, 0% used [0x924c0000,0x924c0000,0x9e100000)
  from space 50688K, 99% used [0x9e100000,0xa1260010,0xa1280000)
  to   space 75776K, 0% used [0xa2400000,0xa2400000,0xa6e00000)
 ParOldGen       total 382976K, used 371397K [0x69200000, 0x80800000, 0x924c0000)
  object space 382976K, 96% used [0x69200000,0x7fcb1530,0x80800000)
 Metaspace       used 14910K, capacity 15056K, committed 15256K, reserved 15664K
}
Event: 354,865 GC heap before
{Heap before GC invocations=75 (full 6):
 PSYoungGen      total 243456K, used 50560K [0x924c0000, 0xa6e00000, 0xa6e00000)
  eden space 192768K, 0% used [0x924c0000,0x924c0000,0x9e100000)
  from space 50688K, 99% used [0x9e100000,0xa1260010,0xa1280000)
  to   space 75776K, 0% used [0xa2400000,0xa2400000,0xa6e00000)
 ParOldGen       total 382976K, used 371397K [0x69200000, 0x80800000, 0x924c0000)
  object space 382976K, 96% used [0x69200000,0x7fcb1530,0x80800000)
 Metaspace       used 14910K, capacity 15056K, committed 15256K, reserved 15664K

