# JRE version: OpenJDK Runtime Environment (8.0_40-b09) (build 1.8.0_40-internal-b09)
# Java VM: OpenJDK Server VM (25.40-b13 mixed mode linux-x86 )
Heap:
 PSYoungGen      total 261120K, used 14850K [0x924c0000, 0xa6740000, 0xa6e00000)
  eden space 199680K, 0% used [0x924c0000,0x924c0000,0x9e7c0000)
  from space 61440K, 24% used [0xa2b40000,0xa39c0a58,0xa6740000)
  to   space 65280K, 0% used [0x9e7c0000,0x9e7c0000,0xa2780000)
 ParOldGen       total 305920K, used 305770K [0x69200000, 0x7bcc0000, 0x924c0000)
  object space 305920K, 99% used [0x69200000,0x7bc9a860,0x7bcc0000)
 Metaspace       used 14785K, capacity 14928K, committed 15000K, reserved 15664K
GC Heap History (10 events):
Event: 213,239 GC heap after
Heap after GC invocations=44 (full 4):
 PSYoungGen      total 270336K, used 45238K [0x924c0000, 0xa6e00000, 0xa6e00000)
  eden space 209664K, 0% used [0x924c0000,0x924c0000,0x9f180000)
  from space 60672K, 74% used [0xa32c0000,0xa5eedbb0,0xa6e00000)
  to   space 63744K, 0% used [0x9f180000,0x9f180000,0xa2fc0000)
 ParOldGen       total 305920K, used 253502K [0x69200000, 0x7bcc0000, 0x924c0000)
  object space 305920K, 82% used [0x69200000,0x7898f880,0x7bcc0000)
 Metaspace       used 14784K, capacity 14928K, committed 15000K, reserved 15664K
}
Event: 218,906 GC heap before
{Heap before GC invocations=45 (full 4):
 PSYoungGen      total 270336K, used 254902K [0x924c0000, 0xa6e00000, 0xa6e00000)
  eden space 209664K, 100% used [0x924c0000,0x9f180000,0x9f180000)
  from space 60672K, 74% used [0xa32c0000,0xa5eedbb0,0xa6e00000)
  to   space 63744K, 0% used [0x9f180000,0x9f180000,0xa2fc0000)
 ParOldGen       total 305920K, used 253502K [0x69200000, 0x7bcc0000, 0x924c0000)
  object space 305920K, 82% used [0x69200000,0x7898f880,0x7bcc0000)
 Metaspace       used 14784K, capacity 14928K, committed 15000K, reserved 15664K
Event: 219,021 GC heap after
Heap after GC invocations=45 (full 4):
 PSYoungGen      total 254976K, used 45142K [0x924c0000, 0xa6e00000, 0xa6e00000)
  eden space 209664K, 0% used [0x924c0000,0x924c0000,0x9f180000)
  from space 45312K, 99% used [0x9f180000,0xa1d95bb0,0xa1dc0000)
  to   space 65792K, 0% used [0xa2dc0000,0xa2dc0000,0xa6e00000)
 ParOldGen       total 305920K, used 259926K [0x69200000, 0x7bcc0000, 0x924c0000)
  object space 305920K, 84% used [0x69200000,0x78fd5880,0x7bcc0000)
 Metaspace       used 14784K, capacity 14928K, committed 15000K, reserved 15664K
}
Event: 225,872 GC heap before
{Heap before GC invocations=46 (full 4):
 PSYoungGen      total 254976K, used 254806K [0x924c0000, 0xa6e00000, 0xa6e00000)
  eden space 209664K, 100% used [0x924c0000,0x9f180000,0x9f180000)
  from space 45312K, 99% used [0x9f180000,0xa1d95bb0,0xa1dc0000)
  to   space 65792K, 0% used [0xa2dc0000,0xa2dc0000,0xa6e00000)
 ParOldGen       total 305920K, used 259926K [0x69200000, 0x7bcc0000, 0x924c0000)
  object space 305920K, 84% used [0x69200000,0x78fd5880,0x7bcc0000)
 Metaspace       used 14785K, capacity 14928K, committed 15000K, reserved 15664K
Event: 226,143 GC heap after
Heap after GC invocations=46 (full 4):
 PSYoungGen      total 264704K, used 49520K [0x924c0000, 0xa6e00000, 0xa6e00000)
  eden space 198912K, 0% used [0x924c0000,0x924c0000,0x9e700000)
  from space 65792K, 75% used [0xa2dc0000,0xa5e1c140,0xa6e00000)
  to   space 69120K, 0% used [0x9e700000,0x9e700000,0xa2a80000)
 ParOldGen       total 305920K, used 266166K [0x69200000, 0x7bcc0000, 0x924c0000)
  object space 305920K, 87% used [0x69200000,0x795ed880,0x7bcc0000)
 Metaspace       used 14785K, capacity 14928K, committed 15000K, reserved 15664K
}
Event: 231,194 GC heap before
{Heap before GC invocations=47 (full 4):
 PSYoungGen      total 264704K, used 248432K [0x924c0000, 0xa6e00000, 0xa6e00000)
  eden space 198912K, 100% used [0x924c0000,0x9e700000,0x9e700000)
  from space 65792K, 75% used [0xa2dc0000,0xa5e1c140,0xa6e00000)
  to   space 69120K, 0% used [0x9e700000,0x9e700000,0xa2a80000)
 ParOldGen       total 305920K, used 266166K [0x69200000, 0x7bcc0000, 0x924c0000)
  object space 305920K, 87% used [0x69200000,0x795ed880,0x7bcc0000)
 Metaspace       used 14785K, capacity 14928K, committed 15000K, reserved 15664K
Event: 231,310 GC heap after
Heap after GC invocations=47 (full 4):
 PSYoungGen      total 268032K, used 41446K [0x924c0000, 0xa6e00000, 0xa6e00000)
  eden space 198912K, 0% used [0x924c0000,0x924c0000,0x9e700000)
  from space 69120K, 59% used [0x9e700000,0xa0f79bb0,0xa2a80000)
  to   space 68352K, 0% used [0xa2b40000,0xa2b40000,0xa6e00000)
 ParOldGen       total 305920K, used 278090K [0x69200000, 0x7bcc0000, 0x924c0000)
  object space 305920K, 90% used [0x69200000,0x7a192880,0x7bcc0000)
 Metaspace       used 14785K, capacity 14928K, committed 15000K, reserved 15664K
}
Event: 239,098 GC heap before
{Heap before GC invocations=48 (full 4):
 PSYoungGen      total 268032K, used 240358K [0x924c0000, 0xa6e00000, 0xa6e00000)
  eden space 198912K, 100% used [0x924c0000,0x9e700000,0x9e700000)
  from space 69120K, 59% used [0x9e700000,0xa0f79bb0,0xa2a80000)
  to   space 68352K, 0% used [0xa2b40000,0xa2b40000,0xa6e00000)
 ParOldGen       total 305920K, used 278090K [0x69200000, 0x7bcc0000, 0x924c0000)
  object space 305920K, 90% used [0x69200000,0x7a192880,0x7bcc0000)
 Metaspace       used 14785K, capacity 14928K, committed 15000K, reserved 15664K
Event: 239,734 GC heap after
Heap after GC invocations=48 (full 4):
 PSYoungGen      total 261120K, used 32590K [0x924c0000, 0xa6740000, 0xa6e00000)
  eden space 199680K, 0% used [0x924c0000,0x924c0000,0x9e7c0000)
  from space 61440K, 53% used [0xa2b40000,0xa4b13bc0,0xa6740000)
  to   space 65280K, 0% used [0x9e7c0000,0x9e7c0000,0xa2780000)
 ParOldGen       total 305920K, used 292910K [0x69200000, 0x7bcc0000, 0x924c0000)
  object space 305920K, 95% used [0x69200000,0x7b00b880,0x7bcc0000)
 Metaspace       used 14785K, capacity 14928K, committed 15000K, reserved 15664K
}
Event: 239,783 GC heap before
{Heap before GC invocations=49 (full 5):
 PSYoungGen      total 261120K, used 32590K [0x924c0000, 0xa6740000, 0xa6e00000)
  eden space 199680K, 0% used [0x924c0000,0x924c0000,0x9e7c0000)
  from space 61440K, 53% used [0xa2b40000,0xa4b13bc0,0xa6740000)
  to   space 65280K, 0% used [0x9e7c0000,0x9e7c0000,0xa2780000)
 ParOldGen       total 305920K, used 292910K [0x69200000, 0x7bcc0000, 0x924c0000)
  object space 305920K, 95% used [0x69200000,0x7b00b880,0x7bcc0000)
 Metaspace       used 14785K, capacity 14928K, committed 15000K, reserved 15664K

