# JRE version: Java(TM) SE Runtime Environment (8.0_45-b14) (build 1.8.0_45-b14)
# Java VM: Java HotSpot(TM) Server VM (25.45-b02 mixed mode linux-x86 )
Heap:
 PSYoungGen      total 212736K, used 242K [0x92380000, 0x9f9c0000, 0xa6c00000)
  eden space 206080K, 0% used [0x92380000,0x92380000,0x9ecc0000)
  from space 6656K, 3% used [0x9ecc0000,0x9ecfc8e8,0x9f340000)
  to   space 6400K, 0% used [0x9f380000,0x9f380000,0x9f9c0000)
 ParOldGen       total 42496K, used 11724K [0x69200000, 0x6bb80000, 0x92380000)
  object space 42496K, 27% used [0x69200000,0x69d733c0,0x6bb80000)
 Metaspace       used 15105K, capacity 15263K, committed 15384K, reserved 15664K
GC Heap History (10 events):
Event: 27,186 GC heap after
Heap after GC invocations=12 (full 0):
 PSYoungGen      total 87552K, used 354K [0x92380000, 0x98080000, 0xa6c00000)
  eden space 80384K, 0% used [0x92380000,0x92380000,0x97200000)
  from space 7168K, 4% used [0x97980000,0x979d8930,0x98080000)
  to   space 7424K, 0% used [0x97200000,0x97200000,0x97940000)
 ParOldGen       total 42496K, used 11469K [0x69200000, 0x6bb80000, 0x92380000)
  object space 42496K, 26% used [0x69200000,0x69d33620,0x6bb80000)
 Metaspace       used 15100K, capacity 15263K, committed 15384K, reserved 15664K
}
Event: 27,303 GC heap before
{Heap before GC invocations=13 (full 0):
 PSYoungGen      total 87552K, used 80622K [0x92380000, 0x98080000, 0xa6c00000)
  eden space 80384K, 99% used [0x92380000,0x971e31e0,0x97200000)
  from space 7168K, 4% used [0x97980000,0x979d8930,0x98080000)
  to   space 7424K, 0% used [0x97200000,0x97200000,0x97940000)
 ParOldGen       total 42496K, used 11469K [0x69200000, 0x6bb80000, 0x92380000)
  object space 42496K, 26% used [0x69200000,0x69d33620,0x6bb80000)
 Metaspace       used 15100K, capacity 15263K, committed 15384K, reserved 15664K
Event: 27,305 GC heap after
Heap after GC invocations=13 (full 0):
 PSYoungGen      total 87808K, used 170K [0x92380000, 0x9afc0000, 0xa6c00000)
  eden space 80384K, 0% used [0x92380000,0x92380000,0x97200000)
  from space 7424K, 2% used [0x97200000,0x9722ab40,0x97940000)
  to   space 7424K, 0% used [0x9a880000,0x9a880000,0x9afc0000)
 ParOldGen       total 42496K, used 11469K [0x69200000, 0x6bb80000, 0x92380000)
  object space 42496K, 26% used [0x69200000,0x69d33620,0x6bb80000)
 Metaspace       used 15100K, capacity 15263K, committed 15384K, reserved 15664K
}
Event: 27,370 GC heap before
{Heap before GC invocations=14 (full 0):
 PSYoungGen      total 87808K, used 80517K [0x92380000, 0x9afc0000, 0xa6c00000)
  eden space 80384K, 99% used [0x92380000,0x971f6c70,0x97200000)
  from space 7424K, 2% used [0x97200000,0x9722ab40,0x97940000)
  to   space 7424K, 0% used [0x9a880000,0x9a880000,0x9afc0000)
 ParOldGen       total 42496K, used 11469K [0x69200000, 0x6bb80000, 0x92380000)
  object space 42496K, 26% used [0x69200000,0x69d33620,0x6bb80000)
 Metaspace       used 15100K, capacity 15263K, committed 15384K, reserved 15664K
Event: 27,371 GC heap after
Heap after GC invocations=14 (full 0):
 PSYoungGen      total 135680K, used 188K [0x92380000, 0x9af40000, 0xa6c00000)
  eden space 128768K, 0% used [0x92380000,0x92380000,0x9a140000)
  from space 6912K, 2% used [0x9a880000,0x9a8af360,0x9af40000)
  to   space 7168K, 0% used [0x9a140000,0x9a140000,0x9a840000)
 ParOldGen       total 42496K, used 11469K [0x69200000, 0x6bb80000, 0x92380000)
  object space 42496K, 26% used [0x69200000,0x69d33620,0x6bb80000)
 Metaspace       used 15100K, capacity 15263K, committed 15384K, reserved 15664K
}
Event: 30,886 GC heap before
{Heap before GC invocations=15 (full 0):
 PSYoungGen      total 135680K, used 128936K [0x92380000, 0x9af40000, 0xa6c00000)
  eden space 128768K, 99% used [0x92380000,0x9a13ad88,0x9a140000)
  from space 6912K, 2% used [0x9a880000,0x9a8af360,0x9af40000)
  to   space 7168K, 0% used [0x9a140000,0x9a140000,0x9a840000)
 ParOldGen       total 42496K, used 11469K [0x69200000, 0x6bb80000, 0x92380000)
  object space 42496K, 26% used [0x69200000,0x69d33620,0x6bb80000)
 Metaspace       used 15100K, capacity 15263K, committed 15384K, reserved 15664K
Event: 31,868 GC heap after
Heap after GC invocations=15 (full 0):
 PSYoungGen      total 135936K, used 409K [0x92380000, 0x9fa40000, 0xa6c00000)
  eden space 128768K, 0% used [0x92380000,0x92380000,0x9a140000)
  from space 7168K, 5% used [0x9a140000,0x9a1a6558,0x9a840000)
  to   space 6912K, 0% used [0x9f380000,0x9f380000,0x9fa40000)
 ParOldGen       total 42496K, used 11469K [0x69200000, 0x6bb80000, 0x92380000)
  object space 42496K, 26% used [0x69200000,0x69d33620,0x6bb80000)
 Metaspace       used 15100K, capacity 15263K, committed 15384K, reserved 15664K
}
Event: 32,649 GC heap before
{Heap before GC invocations=16 (full 0):
 PSYoungGen      total 135936K, used 129019K [0x92380000, 0x9fa40000, 0xa6c00000)
  eden space 128768K, 99% used [0x92380000,0x9a118a68,0x9a140000)
  from space 7168K, 5% used [0x9a140000,0x9a1a6558,0x9a840000)
  to   space 6912K, 0% used [0x9f380000,0x9f380000,0x9fa40000)
 ParOldGen       total 42496K, used 11469K [0x69200000, 0x6bb80000, 0x92380000)
  object space 42496K, 26% used [0x69200000,0x69d33620,0x6bb80000)
 Metaspace       used 15105K, capacity 15263K, committed 15384K, reserved 15664K
Event: 32,658 GC heap after
Heap after GC invocations=16 (full 0):
 PSYoungGen      total 212480K, used 471K [0x92380000, 0x9f9c0000, 0xa6c00000)
  eden space 206080K, 0% used [0x92380000,0x92380000,0x9ecc0000)
  from space 6400K, 7% used [0x9f380000,0x9f3f5e80,0x9f9c0000)
  to   space 6656K, 0% used [0x9ecc0000,0x9ecc0000,0x9f340000)
 ParOldGen       total 42496K, used 11469K [0x69200000, 0x6bb80000, 0x92380000)
  object space 42496K, 26% used [0x69200000,0x69d33620,0x6bb80000)
 Metaspace       used 15105K, capacity 15263K, committed 15384K, reserved 15664K
}
Event: 32,846 GC heap before
{Heap before GC invocations=17 (full 0):
 PSYoungGen      total 212480K, used 206356K [0x92380000, 0x9f9c0000, 0xa6c00000)
  eden space 206080K, 99% used [0x92380000,0x9ec8f538,0x9ecc0000)
  from space 6400K, 7% used [0x9f380000,0x9f3f5e80,0x9f9c0000)
  to   space 6656K, 0% used [0x9ecc0000,0x9ecc0000,0x9f340000)
 ParOldGen       total 42496K, used 11469K [0x69200000, 0x6bb80000, 0x92380000)
  object space 42496K, 26% used [0x69200000,0x69d33620,0x6bb80000)
 Metaspace       used 15105K, capacity 15263K, committed 15384K, reserved 15664K

